1571726328.085660 client started (8546): version 2.6, socket /tmp/tmux-1000/default, protocol 8
1571726328.085702 on Linux 4.15.0-65-generic #74-Ubuntu SMP Tue Sep 17 17:06:04 UTC 2019; libevent 2.1.8-stable (poll)
1571726328.085731 socket is /tmp/tmux-1000/default
1571726328.085747 trying connect
1571726328.085872 add peer 0x55a63535c2c0: 6 ((nil))
1571726328.085947 sending message 100 to peer 0x55a63535c2c0 (4 bytes)
1571726328.085958 sending message 101 to peer 0x55a63535c2c0 (16 bytes)
1571726328.085964 sending message 102 to peer 0x55a63535c2c0 (11 bytes)
1571726328.085970 sending message 108 to peer 0x55a63535c2c0 (41 bytes)
1571726328.085977 sending message 104 to peer 0x55a63535c2c0 (0 bytes)
1571726328.085984 sending message 107 to peer 0x55a63535c2c0 (4 bytes)
1571726328.085990 sending message 105 to peer 0x55a63535c2c0 (25 bytes)
1571726328.085996 sending message 105 to peer 0x55a63535c2c0 (1516 bytes)
1571726328.086010 sending message 105 to peer 0x55a63535c2c0 (34 bytes)
1571726328.086017 sending message 105 to peer 0x55a63535c2c0 (17 bytes)
1571726328.086022 sending message 105 to peer 0x55a63535c2c0 (15 bytes)
1571726328.086028 sending message 105 to peer 0x55a63535c2c0 (11 bytes)
1571726328.086034 sending message 105 to peer 0x55a63535c2c0 (41 bytes)
1571726328.086040 sending message 105 to peer 0x55a63535c2c0 (19 bytes)
1571726328.086045 sending message 105 to peer 0x55a63535c2c0 (14 bytes)
1571726328.086051 sending message 105 to peer 0x55a63535c2c0 (11 bytes)
1571726328.086056 sending message 105 to peer 0x55a63535c2c0 (47 bytes)
1571726328.086062 sending message 105 to peer 0x55a63535c2c0 (50 bytes)
1571726328.086068 sending message 105 to peer 0x55a63535c2c0 (18 bytes)
1571726328.086073 sending message 105 to peer 0x55a63535c2c0 (49 bytes)
1571726328.086079 sending message 105 to peer 0x55a63535c2c0 (11 bytes)
1571726328.086085 sending message 105 to peer 0x55a63535c2c0 (19 bytes)
1571726328.086091 sending message 105 to peer 0x55a63535c2c0 (33 bytes)
1571726328.086096 sending message 105 to peer 0x55a63535c2c0 (47 bytes)
1571726328.086102 sending message 105 to peer 0x55a63535c2c0 (45 bytes)
1571726328.086108 sending message 105 to peer 0x55a63535c2c0 (17 bytes)
1571726328.086113 sending message 105 to peer 0x55a63535c2c0 (21 bytes)
1571726328.086119 sending message 105 to peer 0x55a63535c2c0 (19 bytes)
1571726328.086125 sending message 105 to peer 0x55a63535c2c0 (19 bytes)
1571726328.086130 sending message 105 to peer 0x55a63535c2c0 (35 bytes)
1571726328.086136 sending message 105 to peer 0x55a63535c2c0 (21 bytes)
1571726328.086142 sending message 105 to peer 0x55a63535c2c0 (79 bytes)
1571726328.086148 sending message 105 to peer 0x55a63535c2c0 (23 bytes)
1571726328.086153 sending message 105 to peer 0x55a63535c2c0 (88 bytes)
1571726328.086159 sending message 105 to peer 0x55a63535c2c0 (28 bytes)
1571726328.086165 sending message 105 to peer 0x55a63535c2c0 (21 bytes)
1571726328.086171 sending message 105 to peer 0x55a63535c2c0 (16 bytes)
1571726328.086176 sending message 105 to peer 0x55a63535c2c0 (52 bytes)
1571726328.086182 sending message 105 to peer 0x55a63535c2c0 (18 bytes)
1571726328.086188 sending message 105 to peer 0x55a63535c2c0 (52 bytes)
1571726328.086194 sending message 105 to peer 0x55a63535c2c0 (23 bytes)
1571726328.086199 sending message 105 to peer 0x55a63535c2c0 (52 bytes)
1571726328.086205 sending message 105 to peer 0x55a63535c2c0 (13 bytes)
1571726328.086211 sending message 105 to peer 0x55a63535c2c0 (15 bytes)
1571726328.086217 sending message 105 to peer 0x55a63535c2c0 (8 bytes)
1571726328.086223 sending message 105 to peer 0x55a63535c2c0 (21 bytes)
1571726328.086229 sending message 105 to peer 0x55a63535c2c0 (15 bytes)
1571726328.086234 sending message 105 to peer 0x55a63535c2c0 (18 bytes)
1571726328.086240 sending message 105 to peer 0x55a63535c2c0 (14 bytes)
1571726328.086245 sending message 105 to peer 0x55a63535c2c0 (14 bytes)
1571726328.086251 sending message 105 to peer 0x55a63535c2c0 (54 bytes)
1571726328.086260 sending message 105 to peer 0x55a63535c2c0 (31 bytes)
1571726328.086266 sending message 105 to peer 0x55a63535c2c0 (35 bytes)
1571726328.086280 sending message 105 to peer 0x55a63535c2c0 (58 bytes)
1571726328.086286 sending message 105 to peer 0x55a63535c2c0 (41 bytes)
1571726328.086292 sending message 105 to peer 0x55a63535c2c0 (148 bytes)
1571726328.086298 sending message 105 to peer 0x55a63535c2c0 (32 bytes)
1571726328.086303 sending message 105 to peer 0x55a63535c2c0 (16 bytes)
1571726328.086309 sending message 105 to peer 0x55a63535c2c0 (16 bytes)
1571726328.086314 sending message 106 to peer 0x55a63535c2c0 (0 bytes)
1571726328.086320 sending message 200 to peer 0x55a63535c2c0 (4 bytes)
1571726328.086326 client loop enter
1571726328.086845 peer 0x55a63535c2c0 message 211
1571726328.086876 peer 0x55a63535c2c0 message 203
1571726328.086885 client loop exit
